          1 file(s) copied.
          1 file(s) copied.
  D3DResourceLeakChecker.cpp
  DirectXCommon.cpp
  imgui.cpp
  imgui_demo.cpp
  imgui_draw.cpp
  imgui_impl_dx12.cpp
  imgui_impl_win32.cpp
  imgui_tables.cpp
  imgui_widgets.cpp
  Input.cpp
  Logger.cpp
  main.cpp
  MyMath.cpp
  StringUtility.cpp
  WinApp.cpp
  C:\Program Files (x86)\Windows Kits\10\Include\10.0.26100.0\um\dinput.h: DIRECTINPUT_VERSION undefined. Defaulting to version 0x0800
  C:\Program Files (x86)\Windows Kits\10\Include\10.0.26100.0\um\dinput.h: DIRECTINPUT_VERSION undefined. Defaulting to version 0x0800
  DirectXGame.vcxproj -> C:\Users\asus\Desktop\CG2\project\x64\Debug\DirectXGame.exe
  'cорy' is not recognized as an internal or external command,
  operable program or batch file.
          1 file(s) copied.
          1 file(s) copied.
